<?xml version="1.0" encoding="UTF-8"?>
<!-- Generated by org.testng.reporters.JUnitReportReporter -->
<testsuite skipped="0" hostname="dell-PC" name="TestAssignment.Question4" tests="2" failures="0" timestamp="2020-04-11T14:51:18 IST" time="75.674" errors="0">
  <testcase name="Test4" time="20.806" classname="TestAssignment.Question4"/>
  <system-out/>
  <testcase name="Test4" time="54.868" classname="TestAssignment.Question4"/>
  <system-out/>
</testsuite> <!-- TestAssignment.Question4 -->
