<?xml version="1.0" encoding="UTF-8"?>
<!-- Generated by org.testng.reporters.JUnitReportReporter -->
<testsuite skipped="0" hostname="dell-PC" name="TestAssignment.Question3" tests="2" failures="0" timestamp="2020-04-11T15:28:58 IST" time="25.435" errors="0">
  <testcase name="Test3" time="13.244" classname="TestAssignment.Question3"/>
  <system-out/>
  <testcase name="Test3" time="12.191" classname="TestAssignment.Question3"/>
  <system-out/>
</testsuite> <!-- TestAssignment.Question3 -->
