<?xml version="1.0" encoding="UTF-8"?>
<!-- Generated by org.testng.reporters.JUnitReportReporter -->
<testsuite skipped="1" hostname="dell-PC" name="TestAssignment.Question6" tests="1" failures="0" timestamp="2020-05-01T23:42:56 IST" time="0.000" errors="0">
  <testcase name="Test6" time="0.000" classname="TestAssignment.Question6">
    <skipped/>
  </testcase> <!-- Test6 -->
  <system-out/>
</testsuite> <!-- TestAssignment.Question6 -->
