<?xml version="1.0" encoding="UTF-8"?>
<!-- Generated by org.testng.reporters.JUnitReportReporter -->
<testsuite skipped="0" hostname="dell-PC" name="TestAssignment.Question3" tests="2" failures="0" timestamp="2020-05-02T01:39:37 IST" time="22.338" errors="0">
  <testcase name="Test3" time="11.651" classname="TestAssignment.Question3"/>
  <system-out/>
  <testcase name="Test3" time="10.687" classname="TestAssignment.Question3"/>
  <system-out/>
</testsuite> <!-- TestAssignment.Question3 -->
