<?xml version="1.0" encoding="UTF-8"?>
<!-- Generated by org.testng.reporters.JUnitReportReporter -->
<testsuite skipped="0" hostname="dell-PC" name="TestAssignment.Question4" tests="2" failures="0" timestamp="2020-05-02T01:46:02 IST" time="55.552" errors="0">
  <testcase name="Test4" time="21.789" classname="TestAssignment.Question4"/>
  <system-out/>
  <testcase name="Test4" time="33.763" classname="TestAssignment.Question4"/>
  <system-out/>
</testsuite> <!-- TestAssignment.Question4 -->
