<?xml version="1.0" encoding="UTF-8"?>
<!-- Generated by org.testng.reporters.JUnitReportReporter -->
<testsuite hostname="DESKTOP-59085MU" failures="0" tests="2" name="TestAssignment.Question4" time="84.116" errors="0" timestamp="2020-04-11T14:08:51 IST" skipped="0">
  <testcase classname="TestAssignment.Question4" name="Test4" time="65.016"/>
  <testcase classname="TestAssignment.Question4" name="Test4" time="19.100"/>
</testsuite> <!-- TestAssignment.Question4 -->
